<?xml version="1.0" encoding="UTF-8"?>
<!-- Generated by org.testng.reporters.JUnitReportReporter -->
<testsuite hostname="Admin" failures="0" tests="1" name="springboot.GetAllEmployees" time="3.913" errors="0" timestamp="26 Jul 2023 07:44:19 GMT" skipped="0">
  <testcase classname="springboot.GetAllEmployees" name="test1" time="3.913"/>
</testsuite> <!-- springboot.GetAllEmployees -->
