<?xml version="1.0" encoding="UTF-8"?>
<!-- Generated by org.testng.reporters.JUnitReportReporter -->
<testsuite hostname="Admin" failures="0" tests="1" name="RestAPI.Deleteemployee" time="2.676" errors="0" timestamp="26 Jul 2023 07:43:03 GMT" skipped="0">
  <testcase classname="RestAPI.Deleteemployee" name="test1" time="2.676"/>
</testsuite> <!-- RestAPI.Deleteemployee -->
