<?xml version="1.0" encoding="UTF-8"?>
<!-- Generated by org.testng.reporters.JUnitReportReporter -->
<testsuite hostname="Admin" failures="0" tests="1" name="RestAPI.putrequest" time="2.862" errors="0" timestamp="26 Jul 2023 07:36:04 GMT" skipped="0">
  <testcase classname="RestAPI.putrequest" name="test1" time="2.862"/>
</testsuite> <!-- RestAPI.putrequest -->
