<?xml version="1.0" encoding="UTF-8"?>
<!-- Generated by org.testng.reporters.JUnitReportReporter -->
<testsuite hostname="Admin" failures="0" tests="1" name="springboot.postnewemployee" time="1.618" errors="0" timestamp="26 Jul 2023 07:05:51 GMT" skipped="0">
  <testcase classname="springboot.postnewemployee" name="test1" time="1.618"/>
</testsuite> <!-- springboot.postnewemployee -->
