<?xml version="1.0" encoding="UTF-8"?>
<!-- Generated by org.testng.reporters.JUnitReportReporter -->
<testsuite hostname="Admin" failures="0" tests="1" name="RestAPI.Getrequestwithpara" time="3.719" errors="0" timestamp="26 Jul 2023 07:40:07 GMT" skipped="0">
  <testcase classname="RestAPI.Getrequestwithpara" name="test1" time="3.719"/>
</testsuite> <!-- RestAPI.Getrequestwithpara -->
