<?xml version="1.0" encoding="UTF-8"?>
<!-- Generated by org.testng.reporters.JUnitReportReporter -->
<testsuite hostname="Admin" failures="0" tests="1" name="springboot.putrequest" time="3.072" errors="0" timestamp="26 Jul 2023 07:31:39 GMT" skipped="0">
  <testcase classname="springboot.putrequest" name="test1" time="3.072"/>
</testsuite> <!-- springboot.putrequest -->
